# contexts
[sta-backend-app]
aws-sta-back-app11-int.example.net
aws-sta-back-app12-int.example.net
aws-sta-back-app13-int.example.net
aws-sta-back-app14-int.example.net
aws-sta-back-app15-int.example.net
aws-sta-back-app20-int.example.net

[sta-frontend-activemq]
aws-sta-frontend-activemq01-int.example.net
aws-sta-frontend-activemq02-int.example.net

[sta-frontend-app]
aws-sta-frontend-app01-int.example.net
aws-sta-frontend-app02-int.example.net
aws-sta-frontend-app03-int.example.net
aws-sta-frontend-app04-int.example.net
aws-sta-frontend-app05-int.example.net
aws-sta-frontend-app06-int.example.net

[sta-frontend-cache]
aws-sta-frontend-cache01-int.example.net
aws-sta-frontend-cache02-int.example.net

[sta-frontend-mail]
aws-sta-frontend-mail01-int.example.net

[sta-frontend-nfs]
aws-sta-frontend-nfs01-int.example.net

[sta-frontendsolr]
aws-sta-frontend-solr01-int.example.net
aws-sta-frontend-solr02-int.example.net

[sta-frotnend-web]
aws-sta-frontend-web01-int.example.net
aws-sta-frontend-web02-int.example.net

# roles
[app:children]
sta-back-app
sta-frontend-app
[cache:children]
sta-frontend-cache
[solr:children]
sta-frontend-solr
[web:children]
sta-frontend-web
